files: 0
files: 0
files: 0
files: 0
perf: 39.62598213568914, R: 0.032359964679926634, m: 000
files: 1
files: 2
files: 3
perf: 38.69800313317942, R: 0.027635288191959262, m: 001
files: 4
files: 5
files: 6
perf: 40.32676087327823, R: 0.03150158002972603, m: 002
perf: 39.952219006144084, R: 0.033530216198414564, m: 003
files: 7
files: 7
files: 8
files: 9
files: 10
files: 11
files: 3
perf: 38.69800313317942, R: 0.027635288191959262, better m: 001
files: 4
files: 5
files: 3
perf: 38.69800313317942, R: 0.027635288191959262, better m: 001, i: 3, k: 33
files: 4
files: 5
files: 6
perf: 40.32676087327823, R: 0.03150158002972603, sample m: 002
perf: 39.952219006144084, R: 0.033530216198414564, sample m: 003
files: 7
files: 8
files: 8
files: 9
files: 10
files: 11
perf: 39.568353806749116, R: 0.03194919042289257, better m: 004, i: 11, k: 47
files: 12
files: 13
perf: 39.54964027863786, R: 0.03270210325717926, better m: 005, i: 13, k: 60
files: 14
files: 15
files: 15
files: 16
perf: 39.83657572162008, R: 0.03428726131096482, better m: 006, i: 16, k: 42
files: 17
files: 18
files: 19
files: 20
files: 21
files: 22
perf: 41.62963191654369, R: 0.03111362364143133, better m: 007, i: 22, k: 167
perf: 41.62963191654369, R: 0.03111362364143133, better m: 008, i: 22, k: 167
files: 22
files: 23
files: 24
files: 25
files: 25
files: 26
perf: 39.08689219717344, R: 0.03186867851763964, better m: 009, i: 26, k: 112
perf: 38.939325052324925, R: 0.031179874669760466, better m: 010, i: 26, k: 116
files: 27
perf: 39.2946778913981, R: 0.0319622210226953, better m: 011, i: 27, k: 158
files: 28
perf: 39.15336289381564, R: 0.03302591294050217, better m: 012, i: 28, k: 29
perf: 39.64267379349886, R: 0.03232431644573808, better m: 013, i: 28, k: 59
perf: 40.88552508266064, R: nan, better m: 014, i: 28, k: 90
files: 29
files: 30
perf: 40.05644867030661, R: 0.030917026568204165, better m: 015, i: 30, k: 217
perf: 40.05644867030661, R: 0.030917026568204165, better m: 016, i: 30, k: 217
files: 31
files: 32
perf: 39.84014134691942, R: nan, better m: 017, i: 32, k: 137
files: 33
perf: 40.25850697030145, R: 0.03404748719185591, better m: 018, i: 33, k: 0
perf: 40.19930804393739, R: 0.03224231582134962, better m: 019, i: 33, k: 70
files: 33
files: 34
files: 35
files: 36
files: 37
files: 38
files: 39
perf: 40.76318584153495, R: 0.03408193029463291, better m: 020, i: 39, k: 7
perf: 41.105733016470396, R: 0.034685639664530754, better m: 021, i: 39, k: 142
files: 40
perf: 39.35660171331761, R: 0.03545041335746646, better m: 022, i: 40, k: 226
files: 41
files: 41
files: 42
files: 43
files: 44
perf: 39.52067888853882, R: 0.03237351914867759, better m: 023, i: 44, k: 216
perf: 39.32930514030994, R: 0.03385765524581075, better m: 024, i: 44, k: 218
files: 45
files: 46
